# JRE version: Java(TM) SE Runtime Environment (8.0_91-b14) (build 1.8.0_91-b14)
# Java VM: Java HotSpot(TM) 64-Bit Server VM (25.91-b14 mixed mode windows-amd64 compressed oops)
Heap:
 PSYoungGen      total 71680K, used 29705K [0x00000000d5e00000, 0x00000000da900000, 0x0000000100000000)
  eden space 66560K, 36% used [0x00000000d5e00000,0x00000000d7608520,0x00000000d9f00000)
  from space 5120K, 99% used [0x00000000d9f00000,0x00000000da3fa0e0,0x00000000da400000)
  to   space 5120K, 0% used [0x00000000da400000,0x00000000da400000,0x00000000da900000)
 ParOldGen       total 62976K, used 44779K [0x0000000081a00000, 0x0000000085780000, 0x00000000d5e00000)
  object space 62976K, 71% used [0x0000000081a00000,0x00000000845bace0,0x0000000085780000)
 Metaspace       used 28952K, capacity 29642K, committed 29824K, reserved 1075200K
  class space    used 3411K, capacity 3592K, committed 3712K, reserved 1048576K
GC Heap History (10 events):
Event: 5.864 GC heap before
{Heap before GC invocations=6 (full 0):
 PSYoungGen      total 71680K, used 26388K [0x00000000d5e00000, 0x00000000da900000, 0x0000000100000000)
  eden space 66560K, 31% used [0x00000000d5e00000,0x00000000d72c72a8,0x00000000d9f00000)
  from space 5120K, 99% used [0x00000000d9f00000,0x00000000da3fe030,0x00000000da400000)
  to   space 5120K, 0% used [0x00000000da400000,0x00000000da400000,0x00000000da900000)
 ParOldGen       total 87552K, used 11548K [0x0000000081a00000, 0x0000000086f80000, 0x00000000d5e00000)
  object space 87552K, 13% used [0x0000000081a00000,0x00000000825471d8,0x0000000086f80000)
 Metaspace       used 20609K, capacity 21086K, committed 21296K, reserved 1069056K
  class space    used 2472K, capacity 2593K, committed 2688K, reserved 1048576K
Event: 5.874 GC heap after
Heap after GC invocations=6 (full 0):
 PSYoungGen      total 71680K, used 5112K [0x00000000d5e00000, 0x00000000da900000, 0x0000000100000000)
  eden space 66560K, 0% used [0x00000000d5e00000,0x00000000d5e00000,0x00000000d9f00000)
  from space 5120K, 99% used [0x00000000da400000,0x00000000da8fe030,0x00000000da900000)
  to   space 5120K, 0% used [0x00000000d9f00000,0x00000000d9f00000,0x00000000da400000)
 ParOldGen       total 87552K, used 13643K [0x0000000081a00000, 0x0000000086f80000, 0x00000000d5e00000)
  object space 87552K, 15% used [0x0000000081a00000,0x0000000082752c30,0x0000000086f80000)
 Metaspace       used 20609K, capacity 21086K, committed 21296K, reserved 1069056K
  class space    used 2472K, capacity 2593K, committed 2688K, reserved 1048576K
}
Event: 5.874 GC heap before
{Heap before GC invocations=7 (full 1):
 PSYoungGen      total 71680K, used 5112K [0x00000000d5e00000, 0x00000000da900000, 0x0000000100000000)
  eden space 66560K, 0% used [0x00000000d5e00000,0x00000000d5e00000,0x00000000d9f00000)
  from space 5120K, 99% used [0x00000000da400000,0x00000000da8fe030,0x00000000da900000)
  to   space 5120K, 0% used [0x00000000d9f00000,0x00000000d9f00000,0x00000000da400000)
 ParOldGen       total 87552K, used 13643K [0x0000000081a00000, 0x0000000086f80000, 0x00000000d5e00000)
  object space 87552K, 15% used [0x0000000081a00000,0x0000000082752c30,0x0000000086f80000)
 Metaspace       used 20609K, capacity 21086K, committed 21296K, reserved 1069056K
  class space    used 2472K, capacity 2593K, committed 2688K, reserved 1048576K
Event: 5.928 GC heap after
Heap after GC invocations=7 (full 1):
 PSYoungGen      total 71680K, used 0K [0x00000000d5e00000, 0x00000000da900000, 0x0000000100000000)
  eden space 66560K, 0% used [0x00000000d5e00000,0x00000000d5e00000,0x00000000d9f00000)
  from space 5120K, 0% used [0x00000000da400000,0x00000000da400000,0x00000000da900000)
  to   space 5120K, 0% used [0x00000000d9f00000,0x00000000d9f00000,0x00000000da400000)
 ParOldGen       total 62976K, used 12442K [0x0000000081a00000, 0x0000000085780000, 0x00000000d5e00000)
  object space 62976K, 19% used [0x0000000081a00000,0x0000000082626990,0x0000000085780000)
 Metaspace       used 20609K, capacity 21086K, committed 21296K, reserved 1069056K
  class space    used 2472K, capacity 2593K, committed 2688K, reserved 1048576K
}
Event: 7.323 GC heap before
{Heap before GC invocations=8 (full 1):
 PSYoungGen      total 71680K, used 66560K [0x00000000d5e00000, 0x00000000da900000, 0x0000000100000000)
  eden space 66560K, 100% used [0x00000000d5e00000,0x00000000d9f00000,0x00000000d9f00000)
  from space 5120K, 0% used [0x00000000da400000,0x00000000da400000,0x00000000da900000)
  to   space 5120K, 0% used [0x00000000d9f00000,0x00000000d9f00000,0x00000000da400000)
 ParOldGen       total 62976K, used 12442K [0x0000000081a00000, 0x0000000085780000, 0x00000000d5e00000)
  object space 62976K, 19% used [0x0000000081a00000,0x0000000082626990,0x0000000085780000)
 Metaspace       used 22610K, capacity 23210K, committed 23424K, reserved 1069056K
  class space    used 2683K, capacity 2857K, committed 2944K, reserved 1048576K
Event: 7.332 GC heap after
Heap after GC invocations=8 (full 1):
 PSYoungGen      total 71680K, used 5107K [0x00000000d5e00000, 0x00000000da900000, 0x0000000100000000)
  eden space 66560K, 0% used [0x00000000d5e00000,0x00000000d5e00000,0x00000000d9f00000)
  from space 5120K, 99% used [0x00000000d9f00000,0x00000000da3fcce8,0x00000000da400000)
  to   space 5120K, 0% used [0x00000000da400000,0x00000000da400000,0x00000000da900000)
 ParOldGen       total 62976K, used 22005K [0x0000000081a00000, 0x0000000085780000, 0x00000000d5e00000)
  object space 62976K, 34% used [0x0000000081a00000,0x0000000082f7d5b0,0x0000000085780000)
 Metaspace       used 22610K, capacity 23210K, committed 23424K, reserved 1069056K
  class space    used 2683K, capacity 2857K, committed 2944K, reserved 1048576K
}
Event: 8.187 GC heap before
{Heap before GC invocations=9 (full 1):
 PSYoungGen      total 71680K, used 71667K [0x00000000d5e00000, 0x00000000da900000, 0x0000000100000000)
  eden space 66560K, 100% used [0x00000000d5e00000,0x00000000d9f00000,0x00000000d9f00000)
  from space 5120K, 99% used [0x00000000d9f00000,0x00000000da3fcce8,0x00000000da400000)
  to   space 5120K, 0% used [0x00000000da400000,0x00000000da400000,0x00000000da900000)
 ParOldGen       total 62976K, used 22005K [0x0000000081a00000, 0x0000000085780000, 0x00000000d5e00000)
  object space 62976K, 34% used [0x0000000081a00000,0x0000000082f7d5b0,0x0000000085780000)
 Metaspace       used 28890K, capacity 29510K, committed 29824K, reserved 1075200K
  class space    used 3410K, capacity 3592K, committed 3712K, reserved 1048576K
Event: 8.201 GC heap after
Heap after GC invocations=9 (full 1):
 PSYoungGen      total 71680K, used 5096K [0x00000000d5e00000, 0x00000000da900000, 0x0000000100000000)
  eden space 66560K, 0% used [0x00000000d5e00000,0x00000000d5e00000,0x00000000d9f00000)
  from space 5120K, 99% used [0x00000000da400000,0x00000000da8fa0e0,0x00000000da900000)
  to   space 5120K, 0% used [0x00000000d9f00000,0x00000000d9f00000,0x00000000da400000)
 ParOldGen       total 62976K, used 32959K [0x0000000081a00000, 0x0000000085780000, 0x00000000d5e00000)
  object space 62976K, 52% used [0x0000000081a00000,0x0000000083a2fe18,0x0000000085780000)
 Metaspace       used 28890K, capacity 29510K, committed 29824K, reserved 1075200K
  class space    used 3410K, capacity 3592K, committed 3712K, reserved 1048576K
}
Event: 8.473 GC heap before
{Heap before GC invocations=10 (full 1):
 PSYoungGen      total 71680K, used 71656K [0x00000000d5e00000, 0x00000000da900000, 0x0000000100000000)
  eden space 66560K, 100% used [0x00000000d5e00000,0x00000000d9f00000,0x00000000d9f00000)
  from space 5120K, 99% used [0x00000000da400000,0x00000000da8fa0e0,0x00000000da900000)
  to   space 5120K, 0% used [0x00000000d9f00000,0x00000000d9f00000,0x00000000da400000)
 ParOldGen       total 62976K, used 32959K [0x0000000081a00000, 0x0000000085780000, 0x00000000d5e00000)
  object space 62976K, 52% used [0x0000000081a00000,0x0000000083a2fe18,0x0000000085780000)
 Metaspace       used 28943K, capacity 29642K, committed 29824K, reserved 1075200K
  class space    used 3411K, capacity 3592K, committed 3712K, reserved 1048576K
Event: 8.486 GC heap after
Heap after GC invocations=10 (full 1):
 PSYoungGen      total 71680K, used 5096K [0x00000000d5e00000, 0x00000000da900000, 0x0000000100000000)
  eden space 66560K, 0% used [0x00000000d5e00000,0x00000000d5e00000,0x00000000d9f00000)
  from space 5120K, 99% used [0x00000000d9f00000,0x00000000da3fa0e0,0x00000000da400000)
  to   space 5120K, 0% used [0x00000000da400000,0x00000000da400000,0x00000000da900000)
 ParOldGen       total 62976K, used 44779K [0x0000000081a00000, 0x0000000085780000, 0x00000000d5e00000)
  object space 62976K, 71% used [0x0000000081a00000,0x00000000845bace0,0x0000000085780000)
 Metaspace       used 28943K, capacity 29642K, committed 29824K, reserved 1075200K
  class space    used 3411K, capacity 3592K, committed 3712K, reserved 1048576K
}

